--11:41:12--  http://-/
           => `index.html'
Resolving -... --15:31:54--  ftp://ftp.sra.ebi.ac.uk/vol1/fastq/SRR392/SRR392424/SRR392424.fastq.gz
           => `SRR392424.fastq.gz'
Resolving ftp.sra.ebi.ac.uk... 193.62.192.7
Connecting to ftp.sra.ebi.ac.uk|193.62.192.7|:21... connected.
Logging in as anonymous ... Logged in!
==> SYST ... done.    ==> PWD ... done.
==> TYPE I ... done.  ==> CWD /vol1/fastq/SRR392/SRR392424 ... done.
==> PASV ... done.    ==> RETR SRR392424.fastq.gz ... done.
Length: 418,180,325 (399M) (unauthoritative)

    0K .......... .......... .......... .......... ..........  0%   45.70 KB/s
   50K .......... .......... .......... .......... ..........  0%  194.71 KB/s
  100K .......... .......... .......... .......... ..........  0%  199.79 KB/s
  150K .......... .......... .......... .......... ..........  0%   30.62 KB/s
  200K .......... .......... .......... .......... ..........  0%   65.51 KB/s
  250K .......... .......... .......... .......... ..........  0%   65.80 KB/s
  300K .......... .......... .......... .......... ..........  0%   48.93 KB/s
  350K .......... .......... .......... .......... ..........  0%  181.60 KB/s
  400K .......... .......... .......... .......... ..........  0%  188.23 KB/s
  450K .......... .......... .......... .......... ..........  0%  214.74 KB/s
  500K .......... .......... .......... .......... ..........  0%    1.19 MB/s
  550K .......... .......... .......... .......... ..........  0%   41.67 KB/s
  600K .......... .......... .......... .......... ..........  0%  235.56 MB/s
  650K .......... .......... .......... .......... ..........  0%  290.24 MB/s
  700K .......... .......... .......... .......... ..........  0%  297.90 MB/s
  750K .......... .......... .........--15:32:06--  ftp://ftp.sra.ebi.ac.uk/vol1/fastq/SRR392/SRR392425/SRR392425.fastq.gz
           => `SRR392425.fastq.gz'
Resolving ftp.sra.ebi.ac.uk... 193.62.192.7
Connecting to ftp.sra.ebi.ac.uk|193.62.192.7|:21... . .......... ..........  0%   98.05 KB/s
  800K .......connected.
Logging in as anonymous ... ... .......... .........Logged in!
==> SYST ... . .......... ..........  0%   48.49 KB/s
  850K .done.    ==> PWD ... ........done.
==> TYPE I ... .done.  ==> CWD /vol1/fastq/SRR392/SRR392425 ... done.
==> PASV ...  ..done.    ==> RETR SRR392425.fastq.gz ... ........ .......... .......... ..........  0%   33.87 KB/s
  900K ..done.
Length: 756,033,217 (721M) (unauthoritative)
........ .......... .......... .......... ..........  0%  197.05 KB/s
  950K .........
    0K .......... .... .......... ......... .......... .......... ......... .............  0%   57.22 KB/s
   50K ............ ..........  0%   32.71 KB/s
 1000K .......... .......... .......... .......... ....... .......... .........  0%   97.31 KB/s
 1050K .......... .......... .......... .......... .......... ..........  0%   36.22 KB/s
  100K .......... ................ ..........  0%  189.39 KB/s
 1100K .......... .......... ..... ......... .......... ..........  0%  190.90 KB/s
 1150K .......... ................. .......... .......... ..........  0%  192.84 KB/s
 1200K .......... .......... .......... .......... ..........  0%  187.77 KB/s
 1250K ........... .......... ..... ............  0%   39.34 KB/s
  150K ............ ........ .......... .......... ............  0%   34.25 KB/s
 1300K .......... .......... .......... .......... ..........  0%  186.90 KB/s
 1350K .......... .......... .... .......... .......... ............. ........  0%   22.88 KB/s...... ........
  200K ........  0%   38.77 KB/s
 1400K .......... .......... ....... .............. ........... ..........  0%  181.73 KB/s
 1450K .......... .......... .......... .......... ..........  0%  103.01 KB/s
 1500K .......... .......... .......... .......... ........ ..........  0%  191.57 KB/s
 1550K .......... .......... .......... ............. ..........  0%  193.06 KB/s
 1600K .... .......... .......... .......... .......... ..............  0%   96.84 KB/s
 1650K .......... .......... .......... ...... .............. ..........  0%  100.54 KB/s
 1700K .......... ......  0%   17.07 KB/s
  250K .......... ............... .......... ...........  0%   63.68 KB/s
 1750K .......... .......... ... .......... ............... .......... .......... .........  0%   24.74 KB/s
 1800K .............. .. ................. ..  0%   14.27 KB/s
  300K ............ .......... .............. .... ................. ..... ................  0%   15.19 KB/s
 1850K .....  0%   20.30 KB/s
  350K .......... ........... .......... ........... ..... .................. ......... .........  0%   39.12 KB/s
 1900K .......... ..... .............. ..........  0%   28.96 KB/s
  400K ........ ............. ..........  0%   64.83 KB/s
 1950K ...... ................ ........... .... .......... ............ ..... ..........  0%   65.45 KB/s
 2000K ................... .......... .......... ........ .......... ..........  0%   97.30 KB/s
 2050K ..........  0%   29.15 KB/s
  450K ........ .......... .......... .......... ..... ........... .............. ............ ..........  0%   35.65 KB/s
  500K ........... ..  0%   26.63 KB/s
 2100K .......... .......... .......... .......... ..........  0%  247.50 KB/s
 2150K .......... .......... .......... ........... ..........  0%  120.54 KB/s
 2200K .......... ............. .......... ........... .......... ............. ..........  0%   76.09 KB/s
 2250K .......... ........ ....... .......... .......... ..........  0%   26.38 KB/s......  0%  109.19 KB/s
 2300K .......... .......... .....
  550K .......... .......... .............  0%  196.33 KB/s
 2350K ....... ........ .......... ............. ............ .... ............  0%  105.73 KB/s
 2400K .......... .......... ............ ....... ......... ......... ..........  0%   98.40 KB/s
 2450K .......... .......... ............... .......... ........  0%   30.03 KB/s
  600K ........  0%  200.04 KB/s
 2500K ............. .......... ........ ............. .......... ..........  0%  187.67 KB/s
 2550K ............ ......... .......... .......... .......... ....... ................  0%  103.58 KB/s
 2600K .......... .......... .......... ... ..........  0%   52.82 KB/s
  650K .............. ..........  0%  182.82 KB/s
 2650K .......... .......... .... .......... ............... .......... ..........  0%  191.12 KB/s
 2700K .......... ...... .......... ................ .......... .......... .......  0%   68.88 KB/s
  700K .......... .......... ...........  0%   84.76 KB/s
 2750K .......... .......... .......... ............. .......... ..........  0%  191.49 KB/s
  750K .......... ..........  0%  269.62 KB/s
 2800K .......... ......... .......... .......... .......... ......... .......... .......... ..........  0%  158.51 KB/s...  0%  107.25 KB/s
  800K .......... .......... .......... .......... .
 2850K .......... .......... .......... ...............  0%  206.08 KB/s
  850K .......... .......... .......... .......... ....... ..........  0%  101.33 KB/s
 2900K .......... .............  0%  192.31 KB/s.... .......... .......... ........
  900K .......... .......... .......... .......... ..........  0%  189.71 KB/s
  950K .......... .......... .......... .......... ..........  0%  211.14 KB/s
 1000K .......... .......... .......... .......... ..........  0%  205.31 KB/s
 1050K .......... .......... .......... .......... ..........  0%   42.10 KB/s
 1100K .......... .......... .......... .......... ..........  0%  198.48 KB/s
 1150K .......... .......... .......... .......... ..........  0%  205.16 KB/s
 1200K ........